<?xml version="1.0" encoding="UTF-8"?>
<testsuite xmlns:xsi="http://www.w3.org/2001/XMLSchema-instance" xsi:noNamespaceSchemaLocation="https://maven.apache.org/surefire/maven-surefire-plugin/xsd/surefire-test-report-3.0.xsd" version="3.0" name="Runner.TestRunner" time="5.271" tests="8" errors="0" skipped="0" failures="0">
  <properties>
[...]
</properties>
  <testcase name="Given I navigate to the Login page" classname="Scenario: Login with correct username and password" time="0.004"/>
  <testcase name="And I enter the users email address as Email:admin" classname="Scenario: Login with correct username and password" time="0"/>
  <testcase name="And I verify the count of my salary digits for Rs 1000000" classname="Scenario: Login with correct username and password" time="0"/>
  <testcase name="And I just need to see how step looks for Cucumber-Java8" classname="Scenario: Login with correct username and password" time="0"/>
  <testcase name="And I enter the following for Login" classname="Scenario: Login with correct username and password" time="0.001"/>
  <testcase name="And I click login button" classname="Scenario: Login with correct username and password" time="0"/>
  <testcase name="Then I should see the userform page" classname="Scenario: Login with correct username and password" time="0"/>
  <testcase name="" classname="Scenario: Login with correct username and password" time="0.002"/>
</testsuite>